<?xml version="1.0" encoding="UTF-8"?>
<!-- Generated by org.testng.reporters.JUnitXMLReporter -->
<testsuite ignored="0" hostname="Dibyansh_Verma" failures="0" tests="2" name="Test" time="0.188" errors="0" timestamp="2024-05-18T17:38:05 IST">
  <testcase classname="BasicJava.LoginPage" name="@BeforeClass driverInvoke" time="0.14">
    <failure type="java.lang.NoSuchMethodError" message="&amp;apos;void org.apache.hc.client5.http.impl.io.PoolingHttpClientConnectionManager.setDefaultConnectionConfig(org.apache.hc.client5.http.config.ConnectionConfig)&amp;apos;">
      <![CDATA[java.lang.NoSuchMethodError: 'void org.apache.hc.client5.http.impl.io.PoolingHttpClientConnectionManager.setDefaultConnectionConfig(org.apache.hc.client5.http.config.ConnectionConfig)'
at io.github.bonigarcia.wdm.online.HttpClient.<init>(HttpClient.java:116)
at io.github.bonigarcia.wdm.WebDriverManager.setup(WebDriverManager.java:413)
at BasicJava.LoginPage.driverInvoke(LoginPage.java:19)
at java.base/java.util.ArrayList.forEach(ArrayList.java:1597)
... Removed 23 stack frames]]>
    </failure>
  </testcase> <!-- @BeforeClass driverInvoke -->
  <testcase classname="Inheritence.ChildClass" name="runtest" time="0.009"/>
  <testcase classname="BasicJava.LoginPage" name="loginCOLA" time="0.0">
    <skipped/>
  </testcase> <!-- loginCOLA -->
</testsuite> <!-- Test -->
