<?xml version="1.0" encoding="UTF-8"?>
<testng-results ignored="0" total="1" passed="1" failed="0" skipped="0">
  <reporter-output>
  </reporter-output>
  <suite started-at="2024-05-02T21:19:49 IST" name="Default suite" finished-at="2024-05-02T21:19:49 IST" duration-ms="40">
    <groups>
    </groups>
    <test started-at="2024-05-02T21:19:49 IST" name="Default test" finished-at="2024-05-02T21:19:49 IST" duration-ms="40">
      <class name="Inheritence.ChildClass">
        <test-method is-config="true" signature="beforemethod()[pri:0, instance:Inheritence.ChildClass@635eaaf1]" started-at="2024-05-02T21:19:49 IST" name="beforemethod" finished-at="2024-05-02T21:19:49 IST" duration-ms="3" status="PASS">
          <reporter-output>
          </reporter-output>
        </test-method> <!-- beforemethod -->
        <test-method signature="runtest()[pri:0, instance:Inheritence.ChildClass@635eaaf1]" started-at="2024-05-02T21:19:49 IST" name="runtest" finished-at="2024-05-02T21:19:49 IST" duration-ms="12" status="PASS">
          <reporter-output>
          </reporter-output>
        </test-method> <!-- runtest -->
        <test-method is-config="true" signature="aftermethod()[pri:0, instance:Inheritence.ChildClass@635eaaf1]" started-at="2024-05-02T21:19:49 IST" name="aftermethod" finished-at="2024-05-02T21:19:49 IST" duration-ms="0" status="PASS">
          <reporter-output>
          </reporter-output>
        </test-method> <!-- aftermethod -->
      </class> <!-- Inheritence.ChildClass -->
    </test> <!-- Default test -->
  </suite> <!-- Default suite -->
</testng-results>
