<?xml version="1.0" encoding="UTF-8"?>
<testng-results ignored="0" total="1" passed="1" failed="0" skipped="0">
  <reporter-output>
  </reporter-output>
  <suite started-at="2024-06-17T16:04:09 IST" name="Suite" finished-at="2024-06-17T16:04:09 IST" duration-ms="55">
    <groups>
    </groups>
    <test started-at="2024-06-17T16:04:09 IST" name="Test" finished-at="2024-06-17T16:04:09 IST" duration-ms="55">
      <class name="Inheritence.ChildClass">
        <test-method is-config="true" signature="beforemethod()[pri:0, instance:Inheritence.ChildClass@63021689]" started-at="2024-06-17T16:04:09 IST" name="beforemethod" finished-at="2024-06-17T16:04:09 IST" duration-ms="4" status="PASS">
          <reporter-output>
          </reporter-output>
        </test-method> <!-- beforemethod -->
        <test-method signature="runtest()[pri:0, instance:Inheritence.ChildClass@63021689]" started-at="2024-06-17T16:04:09 IST" name="runtest" finished-at="2024-06-17T16:04:09 IST" duration-ms="16" status="PASS">
          <reporter-output>
          </reporter-output>
        </test-method> <!-- runtest -->
        <test-method is-config="true" signature="aftermethod()[pri:0, instance:Inheritence.ChildClass@63021689]" started-at="2024-06-17T16:04:09 IST" name="aftermethod" finished-at="2024-06-17T16:04:09 IST" duration-ms="3" status="PASS">
          <reporter-output>
          </reporter-output>
        </test-method> <!-- aftermethod -->
      </class> <!-- Inheritence.ChildClass -->
    </test> <!-- Test -->
  </suite> <!-- Suite -->
</testng-results>
